<?xml version="1.0" encoding="UTF-8"?>
<testsuites name="jest tests" tests="45" failures="0" errors="0" time="19.22">
  <testsuite name="RoleService" errors="0" failures="0" skipped="0" timestamp="2021-05-27T08:53:49" time="5.959" tests="1">
    <testcase classname="RoleService should get roles" name="RoleService should get roles" time="0.017">
    </testcase>
  </testsuite>
  <testsuite name="TokenInterceptor" errors="0" failures="0" skipped="0" timestamp="2021-05-27T08:53:49" time="6.001" tests="4">
    <testcase classname="TokenInterceptor should inject authorization token into requests" name="TokenInterceptor should inject authorization token into requests" time="0.021">
    </testcase>
    <testcase classname="TokenInterceptor should navigate to login on 401" name="TokenInterceptor should navigate to login on 401" time="0.006">
    </testcase>
    <testcase classname="TokenInterceptor should navigate to login on 403" name="TokenInterceptor should navigate to login on 403" time="0.003">
    </testcase>
    <testcase classname="TokenInterceptor should throw an error if not 401 or 403" name="TokenInterceptor should throw an error if not 401 or 403" time="0.002">
    </testcase>
  </testsuite>
  <testsuite name="UsereditComponent" errors="0" failures="0" skipped="0" timestamp="2021-05-27T08:53:48" time="6.095" tests="5">
    <testcase classname="UsereditComponent should init a new user with id 0" name="UsereditComponent should init a new user with id 0" time="0.023">
    </testcase>
    <testcase classname="UsereditComponent should unsubscribe" name="UsereditComponent should unsubscribe" time="0.006">
    </testcase>
    <testcase classname="UsereditComponent should init an existing user" name="UsereditComponent should init an existing user" time="0.009">
    </testcase>
    <testcase classname="UsereditComponent should do nothing on submit if !valid" name="UsereditComponent should do nothing on submit if !valid" time="0.002">
    </testcase>
    <testcase classname="UsereditComponent should submit, call saveUser and navigate by url" name="UsereditComponent should submit, call saveUser and navigate by url" time="0.003">
    </testcase>
  </testsuite>
  <testsuite name="BaseService" errors="0" failures="0" skipped="0" timestamp="2021-05-27T08:53:49" time="5.944" tests="3">
    <testcase classname="BaseService sould return error from header" name="BaseService sould return error from header" time="0.016">
    </testcase>
    <testcase classname="BaseService sould return model error" name="BaseService sould return model error" time="0.002">
    </testcase>
    <testcase classname="BaseService sould return server error" name="BaseService sould return server error" time="0.002">
    </testcase>
  </testsuite>
  <testsuite name="Window reference" errors="0" failures="0" skipped="0" timestamp="2021-05-27T08:53:49" time="5.996" tests="1">
    <testcase classname="Window reference provides native window instance" name="Window reference provides native window instance" time="0.011">
    </testcase>
  </testsuite>
  <testsuite name="AuthService" errors="0" failures="0" skipped="0" timestamp="2021-05-27T08:53:49" time="6.094" tests="8">
    <testcase classname="AuthService isAuthenticated should return false" name="AuthService isAuthenticated should return false" time="0.013">
    </testcase>
    <testcase classname="AuthService isAuthenticated should return false" name="AuthService isAuthenticated should return false" time="0.002">
    </testcase>
    <testcase classname="AuthService getToken should return string from localStorage" name="AuthService getToken should return string from localStorage" time="0.003">
    </testcase>
    <testcase classname="AuthService logout should remove token from localStorage" name="AuthService logout should remove token from localStorage" time="0.006">
    </testcase>
    <testcase classname="AuthService login should return true and add token to localStorage" name="AuthService login should return true and add token to localStorage" time="0.007">
    </testcase>
    <testcase classname="AuthService login should return false and nothing add to localStorage" name="AuthService login should return false and nothing add to localStorage" time="0.003">
    </testcase>
    <testcase classname="AuthService login should return observable with true" name="AuthService login should return observable with true" time="0.002">
    </testcase>
    <testcase classname="AuthService login should return observable with false" name="AuthService login should return observable with false" time="0.002">
    </testcase>
  </testsuite>
  <testsuite name="LoginComponent" errors="0" failures="0" skipped="0" timestamp="2021-05-27T08:53:48" time="6.117" tests="4">
    <testcase classname="LoginComponent should construct a form" name="LoginComponent should construct a form" time="0.019">
    </testcase>
    <testcase classname="LoginComponent should navigate to return url" name="LoginComponent should navigate to return url" time="0.011">
    </testcase>
    <testcase classname="LoginComponent should navigate to default page without return url" name="LoginComponent should navigate to default page without return url" time="0.003">
    </testcase>
    <testcase classname="LoginComponent should do nothing on submit if !valid" name="LoginComponent should do nothing on submit if !valid" time="0.005">
    </testcase>
  </testsuite>
  <testsuite name="AuthGuard" errors="0" failures="0" skipped="0" timestamp="2021-05-27T08:53:49" time="6.138" tests="2">
    <testcase classname="AuthGuard should activate and return true" name="AuthGuard should activate and return true" time="0.013">
    </testcase>
    <testcase classname="AuthGuard should navigate to login and return false" name="AuthGuard should navigate to login and return false" time="0.01">
    </testcase>
  </testsuite>
  <testsuite name="UsersComponent" errors="0" failures="0" skipped="0" timestamp="2021-05-27T08:53:48" time="6.311" tests="1">
    <testcase classname="UsersComponent should load users on init" name="UsersComponent should load users on init" time="0.026">
    </testcase>
  </testsuite>
  <testsuite name="UserDeleteComponent" errors="0" failures="0" skipped="0" timestamp="2021-05-27T08:53:49" time="6.2" tests="3">
    <testcase classname="UserDeleteComponent should unsubscribe" name="UserDeleteComponent should unsubscribe" time="0.018">
    </testcase>
    <testcase classname="UserDeleteComponent should init an existing user" name="UserDeleteComponent should init an existing user" time="0.008">
    </testcase>
    <testcase classname="UserDeleteComponent should do nothing on submit if !valid" name="UserDeleteComponent should do nothing on submit if !valid" time="0.004">
    </testcase>
  </testsuite>
  <testsuite name="Regex Model" errors="0" failures="0" skipped="0" timestamp="2021-05-27T08:53:55" time="0.652" tests="2">
    <testcase classname="Regex Model should match an email" name="Regex Model should match an email" time="0.002">
    </testcase>
    <testcase classname="Regex Model should not match an email" name="Regex Model should not match an email" time="0.001">
    </testcase>
  </testsuite>
  <testsuite name="FixedSizedList Model" errors="0" failures="0" skipped="0" timestamp="2021-05-27T08:53:55" time="0.658" tests="2">
    <testcase classname="FixedSizedList Model should add three items" name="FixedSizedList Model should add three items" time="0.001">
    </testcase>
    <testcase classname="FixedSizedList Model should remove the first item" name="FixedSizedList Model should remove the first item" time="0.001">
    </testcase>
  </testsuite>
  <testsuite name="LanguageChoiceComponent" errors="0" failures="0" skipped="0" timestamp="2021-05-27T08:53:55" time="0.684" tests="2">
    <testcase classname="LanguageChoiceComponent should set default language on init" name="LanguageChoiceComponent should set default language on init" time="0.003">
    </testcase>
    <testcase classname="LanguageChoiceComponent should change the language with onLanguageChange" name="LanguageChoiceComponent should change the language with onLanguageChange" time="0.001">
    </testcase>
  </testsuite>
  <testsuite name="UserService" errors="0" failures="0" skipped="0" timestamp="2021-05-27T08:53:55" time="0.698" tests="5">
    <testcase classname="UserService should get users" name="UserService should get users" time="0.004">
    </testcase>
    <testcase classname="UserService should get an user" name="UserService should get an user" time="0.002">
    </testcase>
    <testcase classname="UserService should post a new user" name="UserService should post a new user" time="0.002">
    </testcase>
    <testcase classname="UserService should put an existing user" name="UserService should put an existing user" time="0.001">
    </testcase>
    <testcase classname="UserService should delete an existing user" name="UserService should delete an existing user" time="0.002">
    </testcase>
  </testsuite>
  <testsuite name="AppComponent" errors="0" failures="0" skipped="0" timestamp="2021-05-27T08:53:48" time="10.731" tests="2">
    <testcase classname="AppComponent gets login status on init" name="AppComponent gets login status on init" time="0.01">
    </testcase>
    <testcase classname="AppComponent should call  authService.logout and navigateByUrl on logout" name="AppComponent should call  authService.logout and navigateByUrl on logout" time="0.004">
    </testcase>
  </testsuite>
</testsuites>